2018-12-08T14:39:54.519Z [192.168.1.102] error: uncaughtException: FATAL ERROR: jwtPrivateKey is not defined.
Error: FATAL ERROR: jwtPrivateKey is not defined.
    at module.exports (D:\wamp64\www\node-api\startup\config.js:5:11)
    at Object.<anonymous> (D:\wamp64\www\node-api\index.js:19:28)
    at Module._compile (internal/modules/cjs/loader.js:688:30)
    at Object.Module._extensions..js (internal/modules/cjs/loader.js:699:10)
    at Module.load (internal/modules/cjs/loader.js:598:32)
    at tryModuleLoad (internal/modules/cjs/loader.js:537:12)
    at Function.Module._load (internal/modules/cjs/loader.js:529:3)
    at Function.Module.runMain (internal/modules/cjs/loader.js:741:12)
    at startup (internal/bootstrap/node.js:285:19)
    at bootstrapNodeJSCore (internal/bootstrap/node.js:739:3)
2018-12-08T14:54:14.358Z [192.168.1.102] error: uncaughtException: Cannot find module '../routes/genres'
Error: Cannot find module '../routes/genres'
    at Function.Module._resolveFilename (internal/modules/cjs/loader.js:580:15)
    at Function.Module._load (internal/modules/cjs/loader.js:506:25)
    at Module.require (internal/modules/cjs/loader.js:636:17)
    at require (internal/modules/cjs/helpers.js:20:18)
    at Object.<anonymous> (D:\wamp64\www\node-api\startup\api-routes.js:2:16)
    at Module._compile (internal/modules/cjs/loader.js:688:30)
    at Object.Module._extensions..js (internal/modules/cjs/loader.js:699:10)
    at Module.load (internal/modules/cjs/loader.js:598:32)
    at tryModuleLoad (internal/modules/cjs/loader.js:537:12)
    at Function.Module._load (internal/modules/cjs/loader.js:529:3)
2018-12-08T14:55:11.752Z [192.168.1.102] error: uncaughtException: Cannot find module '../admin-routes/login'
Error: Cannot find module '../admin-routes/login'
    at Function.Module._resolveFilename (internal/modules/cjs/loader.js:580:15)
    at Function.Module._load (internal/modules/cjs/loader.js:506:25)
    at Module.require (internal/modules/cjs/loader.js:636:17)
    at require (internal/modules/cjs/helpers.js:20:18)
    at Object.<anonymous> (D:\wamp64\www\node-api\startup\admin-routes.js:2:15)
    at Module._compile (internal/modules/cjs/loader.js:688:30)
    at Object.Module._extensions..js (internal/modules/cjs/loader.js:699:10)
    at Module.load (internal/modules/cjs/loader.js:598:32)
    at tryModuleLoad (internal/modules/cjs/loader.js:537:12)
    at Function.Module._load (internal/modules/cjs/loader.js:529:3)
    at Module.require (internal/modules/cjs/loader.js:636:17)
    at require (internal/modules/cjs/helpers.js:20:18)
    at Object.<anonymous> (D:\wamp64\www\node-api\index.js:23:1)
    at Module._compile (internal/modules/cjs/loader.js:688:30)
    at Object.Module._extensions..js (internal/modules/cjs/loader.js:699:10)
    at Module.load (internal/modules/cjs/loader.js:598:32)
    at tryModuleLoad (internal/modules/cjs/loader.js:537:12)
    at Function.Module._load (internal/modules/cjs/loader.js:529:3)
    at Function.Module.runMain (internal/modules/cjs/loader.js:741:12)
    at startup (internal/bootstrap/node.js:285:19)
    at bootstrapNodeJSCore (internal/bootstrap/node.js:739:3)
2018-12-08T14:56:00.053Z [192.168.1.102] error: uncaughtException: Router.use() requires a middleware function but got a Object
TypeError: Router.use() requires a middleware function but got a Object
    at Function.use (D:\wamp64\www\node-api\node_modules\express\lib\router\index.js:458:13)
    at Function.<anonymous> (D:\wamp64\www\node-api\node_modules\express\lib\application.js:220:21)
    at Array.forEach (<anonymous>)
    at Function.use (D:\wamp64\www\node-api\node_modules\express\lib\application.js:217:7)
    at module.exports (D:\wamp64\www\node-api\startup\admin-routes.js:7:7)
    at Object.<anonymous> (D:\wamp64\www\node-api\index.js:23:34)
    at Module._compile (internal/modules/cjs/loader.js:688:30)
    at Object.Module._extensions..js (internal/modules/cjs/loader.js:699:10)
    at Module.load (internal/modules/cjs/loader.js:598:32)
    at tryModuleLoad (internal/modules/cjs/loader.js:537:12)
    at Function.Module._load (internal/modules/cjs/loader.js:529:3)
    at Function.Module.runMain (internal/modules/cjs/loader.js:741:12)
    at startup (internal/bootstrap/node.js:285:19)
    at bootstrapNodeJSCore (internal/bootstrap/node.js:739:3)
2018-12-08T14:57:03.420Z [192.168.1.102] error: uncaughtException: Router.use() requires a middleware function but got a Object
TypeError: Router.use() requires a middleware function but got a Object
    at Function.use (D:\wamp64\www\node-api\node_modules\express\lib\router\index.js:458:13)
    at Function.<anonymous> (D:\wamp64\www\node-api\node_modules\express\lib\application.js:220:21)
    at Array.forEach (<anonymous>)
    at Function.use (D:\wamp64\www\node-api\node_modules\express\lib\application.js:217:7)
    at module.exports (D:\wamp64\www\node-api\startup\admin-routes.js:7:7)
    at Object.<anonymous> (D:\wamp64\www\node-api\index.js:23:34)
    at Module._compile (internal/modules/cjs/loader.js:688:30)
    at Object.Module._extensions..js (internal/modules/cjs/loader.js:699:10)
    at Module.load (internal/modules/cjs/loader.js:598:32)
    at tryModuleLoad (internal/modules/cjs/loader.js:537:12)
    at Function.Module._load (internal/modules/cjs/loader.js:529:3)
    at Function.Module.runMain (internal/modules/cjs/loader.js:741:12)
    at startup (internal/bootstrap/node.js:285:19)
    at bootstrapNodeJSCore (internal/bootstrap/node.js:739:3)
